<?xml version="1.0" encoding="UTF-8"?>
<!-- Generated by org.testng.reporters.JUnitReportReporter -->
<testsuite hostname="LIN80015757" failures="0" tests="1" name="com.qa.hub.tests.LoginPageTest" time="0.055" errors="0" timestamp="10 Apr 2020 06:51:10 GMT" skipped="0">
  <testcase classname="com.qa.hub.tests.LoginPageTest" name="verifyLoginPageTitleTest" time="0.055"/>
</testsuite> <!-- com.qa.hub.tests.LoginPageTest -->
