<?xml version="1.0" encoding="UTF-8"?>
<!-- Generated by org.testng.reporters.JUnitReportReporter -->
<testsuite hostname="LIN80015757" failures="0" tests="3" name="com.qa.hub.tests.HomePageTest" time="0.352" errors="0" timestamp="10 Apr 2020 06:42:18 GMT" skipped="0">
  <testcase classname="com.qa.hub.tests.HomePageTest" name="verifyHomePageHeaderValueTest" time="0.150"/>
  <testcase classname="com.qa.hub.tests.HomePageTest" name="verifyHomePageAppLogo" time="0.152"/>
  <testcase classname="com.qa.hub.tests.HomePageTest" name="verifyHomePageTitleTest" time="0.050"/>
</testsuite> <!-- com.qa.hub.tests.HomePageTest -->
