<?xml version="1.0" encoding="UTF-8"?>
<!-- Generated by org.testng.reporters.JUnitReportReporter -->
<testsuite hostname="LIN80015757" failures="0" tests="5" name="com.qa.hub.tests.ContactsPageTest" time="441.911" errors="0" timestamp="10 Apr 2020 06:51:10 GMT" skipped="0">
  <testcase classname="com.qa.hub.tests.ContactsPageTest" name="createNewContactTest" time="104.702"/>
  <testcase classname="com.qa.hub.tests.ContactsPageTest" name="createNewContactTest" time="102.733"/>
  <testcase classname="com.qa.hub.tests.ContactsPageTest" name="verifyContactsPageTitleTest" time="24.650"/>
  <testcase classname="com.qa.hub.tests.ContactsPageTest" name="createNewContactTest" time="104.897"/>
  <testcase classname="com.qa.hub.tests.ContactsPageTest" name="createNewContactTest" time="104.929"/>
</testsuite> <!-- com.qa.hub.tests.ContactsPageTest -->
